This is pdfTeX, Version 3.14159265-2.6-1.40.16 (MiKTeX 2.9) (preloaded format=pdflatex 2015.9.3)  19 OCT 2015 01:46
entering extended mode
**20151019_DM_HW2.tex
(20151019_DM_HW2.tex
LaTeX2e <2015/01/01> patch level 2
Babel <3.9m> and hyphenation patterns for 69 languages loaded.
("C:\Program Files (x86)\MiKTeX 2.9\tex\latex\base\article.cls"
Document Class: article 2014/09/29 v1.4h Standard LaTeX document class
("C:\Program Files (x86)\MiKTeX 2.9\tex\latex\base\size10.clo"
File: size10.clo 2014/09/29 v1.4h Standard LaTeX file (size option)
)
\c@part=\count79
\c@section=\count80
\c@subsection=\count81
\c@subsubsection=\count82
\c@paragraph=\count83
\c@subparagraph=\count84
\c@figure=\count85
\c@table=\count86
\abovecaptionskip=\skip41
\belowcaptionskip=\skip42
\bibindent=\dimen102
)
\c@thm=\count87

("C:\Program Files (x86)\MiKTeX 2.9\tex\latex\multirow\multirow.sty"
\bigstrutjot=\dimen103
)
("C:\Program Files (x86)\MiKTeX 2.9\tex\latex\preprint\fullpage.sty"
Package: fullpage 1999/02/23 1.1 (PWD)
\FP@margin=\skip43
)
("C:\Program Files (x86)\MiKTeX 2.9\tex\latex\graphics\graphicx.sty"
Package: graphicx 2014/10/28 v1.0g Enhanced LaTeX Graphics (DPC,SPQR)

("C:\Program Files (x86)\MiKTeX 2.9\tex\latex\graphics\keyval.sty"
Package: keyval 2014/10/28 v1.15 key=value parser (DPC)
\KV@toks@=\toks14
)
("C:\Program Files (x86)\MiKTeX 2.9\tex\latex\graphics\graphics.sty"
Package: graphics 2014/10/28 v1.0p Standard LaTeX Graphics (DPC,SPQR)

("C:\Program Files (x86)\MiKTeX 2.9\tex\latex\graphics\trig.sty"
Package: trig 1999/03/16 v1.09 sin cos tan (DPC)
)
("C:\Program Files (x86)\MiKTeX 2.9\tex\latex\00miktex\graphics.cfg"
File: graphics.cfg 2007/01/18 v1.5 graphics configuration of teTeX/TeXLive
)
Package graphics Info: Driver file: pdftex.def on input line 94.

("C:\Program Files (x86)\MiKTeX 2.9\tex\latex\pdftex-def\pdftex.def"
File: pdftex.def 2011/05/27 v0.06d Graphics/color for pdfTeX

("C:\Program Files (x86)\MiKTeX 2.9\tex\generic\oberdiek\infwarerr.sty"
Package: infwarerr 2010/04/08 v1.3 Providing info/warning/error messages (HO)
)
("C:\Program Files (x86)\MiKTeX 2.9\tex\generic\oberdiek\ltxcmds.sty"
Package: ltxcmds 2011/11/09 v1.22 LaTeX kernel commands for general use (HO)
)
\Gread@gobject=\count88
))
\Gin@req@height=\dimen104
\Gin@req@width=\dimen105
)
("C:\Program Files (x86)\MiKTeX 2.9\tex\latex\amscls\amsthm.sty"
Package: amsthm 2015/03/04 v2.20.2
\thm@style=\toks15
\thm@bodyfont=\toks16
\thm@headfont=\toks17
\thm@notefont=\toks18
\thm@headpunct=\toks19
\thm@preskip=\skip44
\thm@postskip=\skip45
\thm@headsep=\skip46
\dth@everypar=\toks20
)
("C:\Program Files (x86)\MiKTeX 2.9\tex\latex\amsfonts\amssymb.sty"
Package: amssymb 2013/01/14 v3.01 AMS font symbols

("C:\Program Files (x86)\MiKTeX 2.9\tex\latex\amsfonts\amsfonts.sty"
Package: amsfonts 2013/01/14 v3.01 Basic AMSFonts support
\@emptytoks=\toks21
\symAMSa=\mathgroup4
\symAMSb=\mathgroup5
LaTeX Font Info:    Overwriting math alphabet `\mathfrak' in version `bold'
(Font)                  U/euf/m/n --> U/euf/b/n on input line 106.
))
("C:\Program Files (x86)\MiKTeX 2.9\tex\latex\url\url.sty"
\Urlmuskip=\muskip10
Package: url 2013/09/16  ver 3.4  Verb mode for urls, etc.
)
("C:\Program Files (x86)\MiKTeX 2.9\tex\latex\algorithmicx\algpseudocode.sty"
Package: algpseudocode 

("C:\Program Files (x86)\MiKTeX 2.9\tex\latex\base\ifthen.sty"
Package: ifthen 2014/09/29 v1.1c Standard LaTeX ifthen package (DPC)
)
("C:\Program Files (x86)\MiKTeX 2.9\tex\latex\algorithmicx\algorithmicx.sty"
Package: algorithmicx 2005/04/27 v1.2 Algorithmicx

Document Style algorithmicx 1.2 - a greatly improved `algorithmic' style
\c@ALG@line=\count89
\c@ALG@rem=\count90
\c@ALG@nested=\count91
\ALG@tlm=\skip47
\ALG@thistlm=\skip48
\c@ALG@Lnr=\count92
\c@ALG@blocknr=\count93
\c@ALG@storecount=\count94
\c@ALG@tmpcounter=\count95
\ALG@tmplength=\skip49
)
Document Style - pseudocode environments for use with the `algorithmicx' style
) ("C:\Program Files (x86)\MiKTeX 2.9\tex\latex\listings\listings.sty"
\lst@mode=\count96
\lst@gtempboxa=\box26
\lst@token=\toks22
\lst@length=\count97
\lst@currlwidth=\dimen106
\lst@column=\count98
\lst@pos=\count99
\lst@lostspace=\dimen107
\lst@width=\dimen108
\lst@newlines=\count100
\lst@lineno=\count101
\lst@maxwidth=\dimen109

("C:\Program Files (x86)\MiKTeX 2.9\tex\latex\listings\lstmisc.sty"
File: lstmisc.sty 2015/06/04 1.6 (Carsten Heinz)
\c@lstnumber=\count102
\lst@skipnumbers=\count103
\lst@framebox=\box27
)
("C:\Program Files (x86)\MiKTeX 2.9\tex\latex\listings\listings.cfg"
File: listings.cfg 2015/06/04 1.6 listings configuration
))
Package: listings 2015/06/04 1.6 (Carsten Heinz)

(20151019_DM_HW2.aux)
LaTeX Font Info:    Checking defaults for OML/cmm/m/it on input line 49.
LaTeX Font Info:    ... okay on input line 49.
LaTeX Font Info:    Checking defaults for T1/cmr/m/n on input line 49.
LaTeX Font Info:    ... okay on input line 49.
LaTeX Font Info:    Checking defaults for OT1/cmr/m/n on input line 49.
LaTeX Font Info:    ... okay on input line 49.
LaTeX Font Info:    Checking defaults for OMS/cmsy/m/n on input line 49.
LaTeX Font Info:    ... okay on input line 49.
LaTeX Font Info:    Checking defaults for OMX/cmex/m/n on input line 49.
LaTeX Font Info:    ... okay on input line 49.
LaTeX Font Info:    Checking defaults for U/cmr/m/n on input line 49.
LaTeX Font Info:    ... okay on input line 49.

("C:\Program Files (x86)\MiKTeX 2.9\tex\context\base\supp-pdf.mkii"
[Loading MPS to PDF converter (version 2006.09.02).]
\scratchcounter=\count104
\scratchdimen=\dimen110
\scratchbox=\box28
\nofMPsegments=\count105
\nofMParguments=\count106
\everyMPshowfont=\toks23
\MPscratchCnt=\count107
\MPscratchDim=\dimen111
\MPnumerator=\count108
\makeMPintoPDFobject=\count109
\everyMPtoPDFconversion=\toks24
)
\c@lstlisting=\count110
LaTeX Font Info:    Try loading font information for U+msa on input line 53.
 ("C:\Program Files (x86)\MiKTeX 2.9\tex\latex\amsfonts\umsa.fd"
File: umsa.fd 2013/01/14 v3.01 AMS symbols A
)
LaTeX Font Info:    Try loading font information for U+msb on input line 53.

("C:\Program Files (x86)\MiKTeX 2.9\tex\latex\amsfonts\umsb.fd"
File: umsb.fd 2013/01/14 v3.01 AMS symbols B
) [1

{C:/Users/Ganesh/AppData/Local/MiKTeX/2.9/pdftex/config/pdftex.map}]
Underfull \hbox (badness 10000) in paragraph at lines 111--113

 []

[2]
Underfull \hbox (badness 10000) in paragraph at lines 123--129

 []

("C:\Program Files (x86)\MiKTeX 2.9\tex\latex\listings\lstlang1.sty"
File: lstlang1.sty 2015/06/04 1.6 listings language file
)
("C:\Program Files (x86)\MiKTeX 2.9\tex\latex\listings\lstlang2.sty"
File: lstlang2.sty 2015/06/04 1.6 listings language file
)
("C:\Program Files (x86)\MiKTeX 2.9\tex\latex\listings\lstlang3.sty"
File: lstlang3.sty 2015/06/04 1.6 listings language file
)
LaTeX Font Info:    Try loading font information for OML+cmr on input line 139.


("C:\Program Files (x86)\MiKTeX 2.9\tex\latex\base\omlcmr.fd"
File: omlcmr.fd 2014/09/29 v2.5h Standard LaTeX font definitions
)
LaTeX Font Info:    Font shape `OML/cmr/bx/n' in size <10> not available
(Font)              Font shape `OML/cmm/b/it' tried instead on input line 139.

Overfull \hbox (34.2501pt too wide) in paragraph at lines 139--140
[][][][][][][][][][][][][][][][][][][][][][][][][][][][][][][][][][][][][][] 
 []


Overfull \hbox (46.25023pt too wide) in paragraph at lines 141--142
[][][][][][][][][][][][][][][][][][][][][][][][][][][][][][][][][][][][][][][][
][] 
 []


Overfull \hbox (58.25035pt too wide) in paragraph at lines 142--143
[][][][][][][][][][][][][][][][][][][][][][][][][][][][][] 
 []


Overfull \hbox (18.24117pt too wide) in paragraph at lines 164--164
 [] \OT1/cmtt/m/n/10 [1] 1057013 1096800 1183246 1184840 1193683 1197510 124123
2  169356  432809  563649[] 
 []

[3]
Overfull \hbox (33.94943pt too wide) in paragraph at lines 172--173
[][][][][][][][][][][][][][][][][][][][][][][][][][][][] 
 []


Overfull \hbox (63.94974pt too wide) in paragraph at lines 173--174
[][][][][][][][][][][][][][][][][][][][][][][][][][][][][] 
 []


Overfull \hbox (21.94931pt too wide) in paragraph at lines 180--181
[][][][][][][][][][][][][][][][][][][][][][][][][][] 
 []


Overfull \hbox (69.9498pt too wide) in paragraph at lines 181--182
[][][][][][][][][][][][][][][][][][][][][][][][][][][][][][][][] 
 []

<dtreenas.png, id=28, 627.34375pt x 288.07625pt>
File: dtreenas.png Graphic file (type png)
 <use dtreenas.png>
Package pdftex.def Info: dtreenas.png used on input line 185.
(pdftex.def)             Requested size: 313.6711pt x 144.03777pt.
 [4 <./dtreenas.png>] <cordelm.jpg, id=33, 411.78844pt x 369.63094pt>
File: cordelm.jpg Graphic file (type jpg)
 <use cordelm.jpg>
Package pdftex.def Info: cordelm.jpg used on input line 214.
(pdftex.def)             Requested size: 205.8937pt x 184.815pt.

<dtreetotal.png, id=34, 627.34375pt x 288.07625pt>
File: dtreetotal.png Graphic file (type png)
 <use dtreetotal.png>
Package pdftex.def Info: dtreetotal.png used on input line 216.
(pdftex.def)             Requested size: 313.6711pt x 144.03777pt.
LaTeX Font Info:    Try loading font information for OMS+cmr on input line 225.


("C:\Program Files (x86)\MiKTeX 2.9\tex\latex\base\omscmr.fd"
File: omscmr.fd 2014/09/29 v2.5h Standard LaTeX font definitions
)
LaTeX Font Info:    Font shape `OMS/cmr/m/n' in size <10> not available
(Font)              Font shape `OMS/cmsy/m/n' tried instead on input line 225.
 [5 <./cordelm.jpg> <./dtreetotal.png>]
Underfull \hbox (badness 10000) in paragraph at lines 240--241

 []

[6] [7]
Overfull \hbox (31.69118pt too wide) in paragraph at lines 368--368
 []\OT1/cmtt/m/n/10 1324572.000   7.167   6.744   6.709   5.684   5.449   7.850
   6.056   6.017   2.560[] 
 []


Overfull \hbox (31.69118pt too wide) in paragraph at lines 368--368
 []\OT1/cmtt/m/n/10 1324572.000   7.075   6.427   6.416   5.459   5.290   7.427
   5.859   5.792   2.514[] 
 []


Overfull \hbox (31.69118pt too wide) in paragraph at lines 368--368
 []\OT1/cmtt/m/n/10 1347749.000   3.022   1.278   1.394   1.343   2.080   1.301
   2.085   1.229   1.105[] 
 []


Overfull \hbox (31.69118pt too wide) in paragraph at lines 368--368
 []\OT1/cmtt/m/n/10 1347749.000   2.874   1.199   1.308   1.264   2.009   1.231
   2.007   1.129   1.061[] 
 []

<test1_1.png, id=46, 627.34375pt x 288.07625pt>
File: test1_1.png Graphic file (type png)
 <use test1_1.png>
Package pdftex.def Info: test1_1.png used on input line 376.
(pdftex.def)             Requested size: 313.6711pt x 144.03777pt.

<test1_2.png, id=47, 627.34375pt x 288.07625pt>
File: test1_2.png Graphic file (type png)
 <use test1_2.png>
Package pdftex.def Info: test1_2.png used on input line 377.
(pdftex.def)             Requested size: 313.6711pt x 144.03777pt.
 [8]
<test2_1.png, id=51, 627.34375pt x 288.07625pt>
File: test2_1.png Graphic file (type png)
 <use test2_1.png>
Package pdftex.def Info: test2_1.png used on input line 380.
(pdftex.def)             Requested size: 313.6711pt x 144.03777pt.

<test2_2.png, id=52, 627.34375pt x 288.07625pt>
File: test2_2.png Graphic file (type png)
 <use test2_2.png>
Package pdftex.def Info: test2_2.png used on input line 381.
(pdftex.def)             Requested size: 313.6711pt x 144.03777pt.

<test2_3.png, id=53, 627.34375pt x 288.07625pt>
File: test2_3.png Graphic file (type png)
 <use test2_3.png>
Package pdftex.def Info: test2_3.png used on input line 382.
(pdftex.def)             Requested size: 313.6711pt x 144.03777pt.
 [9 <./test1_1.png> <./test1_2.png> <./test2_1.png> <./test2_2.png>]
<test3_1.png, id=61, 627.34375pt x 288.07625pt>
File: test3_1.png Graphic file (type png)
 <use test3_1.png>
Package pdftex.def Info: test3_1.png used on input line 385.
(pdftex.def)             Requested size: 313.6711pt x 144.03777pt.

<test3_2.png, id=62, 627.34375pt x 288.07625pt>
File: test3_2.png Graphic file (type png)
 <use test3_2.png>
Package pdftex.def Info: test3_2.png used on input line 386.
(pdftex.def)             Requested size: 313.6711pt x 144.03777pt.

<test3_3.png, id=63, 627.34375pt x 288.07625pt>
File: test3_3.png Graphic file (type png)
 <use test3_3.png>
Package pdftex.def Info: test3_3.png used on input line 387.
(pdftex.def)             Requested size: 313.6711pt x 144.03777pt.

<test3_4.png, id=64, 627.34375pt x 288.07625pt>
File: test3_4.png Graphic file (type png)
 <use test3_4.png>
Package pdftex.def Info: test3_4.png used on input line 388.
(pdftex.def)             Requested size: 313.6711pt x 144.03777pt.
 [10 <./test2_3.png> <./test3_1.png> <./test3_2.png> <./test3_3.png>]
<test4_1.png, id=72, 627.34375pt x 288.07625pt>
File: test4_1.png Graphic file (type png)
 <use test4_1.png>
Package pdftex.def Info: test4_1.png used on input line 392.
(pdftex.def)             Requested size: 313.6711pt x 144.03777pt.

<test4_2.png, id=73, 627.34375pt x 288.07625pt>
File: test4_2.png Graphic file (type png)
 <use test4_2.png>
Package pdftex.def Info: test4_2.png used on input line 393.
(pdftex.def)             Requested size: 313.6711pt x 144.03777pt.

Underfull \hbox (badness 10000) in paragraph at lines 391--394

 []

[11 <./test3_4.png> <./test4_1.png> <./test4_2.png>]
<number.jpg, id=80, 406.51875pt x 377.15906pt>
File: number.jpg Graphic file (type jpg)
 <use number.jpg>
Package pdftex.def Info: number.jpg used on input line 409.
(pdftex.def)             Requested size: 203.25887pt x 188.57907pt.

Underfull \hbox (badness 10000) in paragraph at lines 408--410

 []

<vfold.png, id=81, 183.68625pt x 197.23688pt>
File: vfold.png Graphic file (type png)
 <use vfold.png>
Package pdftex.def Info: vfold.png used on input line 413.
(pdftex.def)             Requested size: 183.68578pt x 197.23637pt.
 [12 <./number.jpg> <./vfold.png>] (20151019_DM_HW2.aux) ) 
Here is how much of TeX's memory you used:
 4323 strings out of 493673
 57435 string characters out of 3141528
 161166 words of memory out of 3000000
 7616 multiletter control sequences out of 15000+200000
 14239 words of font info for 55 fonts, out of 3000000 for 9000
 1025 hyphenation exceptions out of 8191
 27i,12n,42p,747b,1854s stack positions out of 5000i,500n,10000p,200000b,50000s
<C:/Program Files (x8
6)/MiKTeX 2.9/fonts/type1/public/amsfonts/cm/cmbx10.pfb><C:/Program Files (x86)
/MiKTeX 2.9/fonts/type1/public/amsfonts/cm/cmbx12.pfb><C:/Program Files (x86)/M
iKTeX 2.9/fonts/type1/public/amsfonts/cm/cmex10.pfb><C:/Program Files (x86)/MiK
TeX 2.9/fonts/type1/public/amsfonts/cm/cmmi10.pfb><C:/Program Files (x86)/MiKTe
X 2.9/fonts/type1/public/amsfonts/cm/cmmi12.pfb><C:/Program Files (x86)/MiKTeX 
2.9/fonts/type1/public/amsfonts/cm/cmmi7.pfb><C:/Program Files (x86)/MiKTeX 2.9
/fonts/type1/public/amsfonts/cm/cmmib10.pfb><C:/Program Files (x86)/MiKTeX 2.9/
fonts/type1/public/amsfonts/cm/cmr10.pfb><C:/Program Files (x86)/MiKTeX 2.9/fon
ts/type1/public/amsfonts/cm/cmr12.pfb><C:/Program Files (x86)/MiKTeX 2.9/fonts/
type1/public/amsfonts/cm/cmr17.pfb><C:/Program Files (x86)/MiKTeX 2.9/fonts/typ
e1/public/amsfonts/cm/cmr7.pfb><C:/Program Files (x86)/MiKTeX 2.9/fonts/type1/p
ublic/amsfonts/cm/cmss10.pfb><C:/Program Files (x86)/MiKTeX 2.9/fonts/type1/pub
lic/amsfonts/cm/cmsy10.pfb><C:/Program Files (x86)/MiKTeX 2.9/fonts/type1/publi
c/amsfonts/cm/cmsy7.pfb><C:/Program Files (x86)/MiKTeX 2.9/fonts/type1/public/a
msfonts/cm/cmti10.pfb><C:/Program Files (x86)/MiKTeX 2.9/fonts/type1/public/ams
fonts/cm/cmtt10.pfb><C:/Program Files (x86)/MiKTeX 2.9/fonts/type1/public/amsfo
nts/symbols/msbm10.pfb>
Output written on 20151019_DM_HW2.pdf (12 pages, 388464 bytes).
PDF statistics:
 140 PDF objects out of 1000 (max. 8388607)
 0 named destinations out of 1000 (max. 500000)
 81 words of extra memory for PDF output out of 10000 (max. 10000000)

